Log file open, 01/08/24 12:54:47
LogWindows: Failed to load 'aqProf.dll' (GetLastError=126)
LogWindows: File 'aqProf.dll' does not exist
LogWindows: Failed to load 'VtuneApi.dll' (GetLastError=126)
LogWindows: File 'VtuneApi.dll' does not exist
LogWindows: Failed to load 'VtuneApi32e.dll' (GetLastError=126)
LogWindows: File 'VtuneApi32e.dll' does not exist
LogPlatformFile: Not using cached read wrapper
LogTaskGraph: Started task graph with 4 named threads and 18 total threads with 1 sets of task threads.
LogWindows: Failed to load '../../../Engine/Binaries/ThirdParty/DbgHelp/dbghelp.dll' (GetLastError=126)
LogWindows: File '../../../Engine/Binaries/ThirdParty/DbgHelp/dbghelp.dll' does not exist
LogInit: Display: Loading text-based GConfig....
LogInit: Build: ++UE4+Release-4.27-CL-18319896
LogInit: Engine Version: 4.27.2-18319896+++UE4+Release-4.27
LogInit: Compatible Engine Version: 4.27.0-17155196+++UE4+Release-4.27
LogInit: Net CL: 17155196
LogInit: OS: Windows 10 (Release 2009) (), CPU: AMD Ryzen 7 5700G with Radeon Graphics         , GPU: NVIDIA GeForce RTX 3060
LogInit: Compiled (64-bit): Nov 30 2021 08:06:29
LogInit: Compiled with Visual C++: 19.24.28315.00
LogInit: Build Configuration: Development
LogInit: Branch Name: ++UE4+Release-4.27
LogInit: Command Line: "C:\Users\egors\OneDrive\Рабочий стол\FModel Output\ron_fontmod\pakchunk900-Mods_CyrillicFont.pak" -Create="C:\Users\egors\OneDrive\Рабочий стол\FModel Output\ron_fontmod\pack.txt" --compressed
LogInit: Base Directory: C:/DRGPacker/UnrealPak/Engine/Binaries/Win64/
LogInit: Allocator: TBB
LogInit: Installed Engine Build: 0
LogDevObjectVersion: Number of dev versions registered: 29
LogDevObjectVersion:   Dev-Blueprints (B0D832E4-1F89-4F0D-ACCF-7EB736FD4AA2): 10
LogDevObjectVersion:   Dev-Build (E1C64328-A22C-4D53-A36C-8E866417BD8C): 0
LogDevObjectVersion:   Dev-Core (375EC13C-06E4-48FB-B500-84F0262A717E): 4
LogDevObjectVersion:   Dev-Editor (E4B068ED-F494-42E9-A231-DA0B2E46BB41): 40
LogDevObjectVersion:   Dev-Framework (CFFC743F-43B0-4480-9391-14DF171D2073): 37
LogDevObjectVersion:   Dev-Mobile (B02B49B5-BB20-44E9-A304-32B752E40360): 3
LogDevObjectVersion:   Dev-Networking (A4E4105C-59A1-49B5-A7C5-40C4547EDFEE): 0
LogDevObjectVersion:   Dev-Online (39C831C9-5AE6-47DC-9A44-9C173E1C8E7C): 0
LogDevObjectVersion:   Dev-Physics (78F01B33-EBEA-4F98-B9B4-84EACCB95AA2): 14
LogDevObjectVersion:   Dev-Platform (6631380F-2D4D-43E0-8009-CF276956A95A): 0
LogDevObjectVersion:   Dev-Rendering (12F88B9F-8875-4AFC-A67C-D90C383ABD29): 45
LogDevObjectVersion:   Dev-Sequencer (7B5AE74C-D270-4C10-A958-57980B212A5A): 13
LogDevObjectVersion:   Dev-VR (D7296918-1DD6-4BDD-9DE2-64A83CC13884): 3
LogDevObjectVersion:   Dev-LoadTimes (C2A15278-BFE7-4AFE-6C17-90FF531DF755): 1
LogDevObjectVersion:   Private-Geometry (6EACA3D4-40EC-4CC1-B786-8BED09428FC5): 3
LogDevObjectVersion:   Dev-AnimPhys (29E575DD-E0A3-4627-9D10-D276232CDCEA): 17
LogDevObjectVersion:   Dev-Anim (AF43A65D-7FD3-4947-9873-3E8ED9C1BB05): 15
LogDevObjectVersion:   Dev-ReflectionCapture (6B266CEC-1EC7-4B8F-A30B-E4D90942FC07): 1
LogDevObjectVersion:   Dev-Automation (0DF73D61-A23F-47EA-B727-89E90C41499A): 1
LogDevObjectVersion:   FortniteMain (601D1886-AC64-4F84-AA16-D3DE0DEAC7D6): 47
LogDevObjectVersion:   FortniteRelease (E7086368-6B23-4C58-8439-1B7016265E91): 1
LogDevObjectVersion:   Dev-Enterprise (9DFFBCD6-494F-0158-E221-12823C92A888): 10
LogDevObjectVersion:   Dev-Niagara (F2AED0AC-9AFE-416F-8664-AA7FFA26D6FC): 1
LogDevObjectVersion:   Dev-Destruction (174F1F0B-B4C6-45A5-B13F-2EE8D0FB917D): 10
LogDevObjectVersion:   Dev-Physics-Ext (35F94A83-E258-406C-A318-09F59610247C): 41
LogDevObjectVersion:   Dev-PhysicsMaterial-Chaos (B68FC16E-8B1B-42E2-B453-215C058844FE): 1
LogDevObjectVersion:   Dev-CineCamera (B2E18506-4273-CFC2-A54E-F4BB758BBA07): 1
LogDevObjectVersion:   Dev-VirtualProduction (64F58936-FD1B-42BA-BA96-7289D5D0FA4E): 1
LogDevObjectVersion:   Dev-MediaFramework (6F0ED827-A609-4895-9C91-998D90180EA4): 2
LogConfig: Applying CVar settings from Section [Startup] File [../../../Engine/Config/ConsoleVariables.ini]
LogConfig: Applying CVar settings from Section [ConsoleVariables] File [../../../Engine/Programs/UnrealPak/Saved/Config/Windows/Engine.ini]
[2024.01.08-02.54.47:269][  0]LogInit: Computer: XLLIFI
[2024.01.08-02.54.47:269][  0]LogInit: User: egors
[2024.01.08-02.54.47:269][  0]LogInit: CPU Page size=4096, Cores=8
[2024.01.08-02.54.47:269][  0]LogInit: High frequency timer resolution =10.000000 MHz
[2024.01.08-02.54.47:269][  0]LogMemory: Memory total: Physical=15.8GB (16GB approx)
[2024.01.08-02.54.47:269][  0]LogMemory: Platform Memory Stats for Windows
[2024.01.08-02.54.47:269][  0]LogMemory: Process Physical Memory: 20.28 MB used, 20.28 MB peak
[2024.01.08-02.54.47:269][  0]LogMemory: Process Virtual Memory: 52.50 MB used, 52.50 MB peak
[2024.01.08-02.54.47:269][  0]LogMemory: Physical Memory: 9396.58 MB used,  6782.83 MB free, 16179.41 MB total
[2024.01.08-02.54.47:269][  0]LogMemory: Virtual Memory: 134200376.00 MB used,  17352.51 MB free, 134217728.00 MB total
[2024.01.08-02.54.47:270][  0]LogInit: Using OS detected language ().
[2024.01.08-02.54.47:270][  0]LogInit: Using OS detected locale ().
[2024.01.08-02.54.47:270][  0]LogTextLocalizationManager: No localization for '' exists, so 'en' will be used for the language.
[2024.01.08-02.54.47:270][  0]LogTextLocalizationManager: No localization for '' exists, so 'en' will be used for the locale.
[2024.01.08-02.54.47:270][  0]LogInit: Using OS detected language ().
[2024.01.08-02.54.47:270][  0]LogInit: Using OS detected locale ().
[2024.01.08-02.54.47:270][  0]LogTextLocalizationManager: No localization for '' exists, so 'en' will be used for the language.
[2024.01.08-02.54.47:270][  0]LogTextLocalizationManager: No localization for '' exists, so 'en' will be used for the locale.
[2024.01.08-02.54.47:270][  0]LogTextLocalizationManager: Compacting localization data took   0.00ms
[2024.01.08-02.54.47:270][  0]LogPakFile: Display: Using command line for crypto configuration
[2024.01.08-02.54.47:270][  0]LogPakFile: Engine only spawned 14 worker threads, bumping up to 15!
[2024.01.08-02.54.47:273][  0]LogPakFile: Display: Loading response file C:\Users\egors\OneDrive\Рабочий стол\FModel Output\ron_fontmod\pack.txt
[2024.01.08-02.54.47:273][  0]LogPakFile: Added file Source: C:/Users/egors/OneDrive/Рабочий стол/FModel Output/ron_fontmod/ReadyOrNot/* Dest: ../../../
[2024.01.08-02.54.47:273][  0]LogPakFile: Display: Added 1 entries to add to pak file.
[2024.01.08-02.54.47:274][  0]LogPakFile: Display: Collecting files to add to pak file...
[2024.01.08-02.54.47:275][  0]LogPakFile: Display: Collected 6 files in 0.00s.
[2024.01.08-02.54.47:276][  0]LogPakFile: Display: Creating pak C:\Users\egors\OneDrive\Рабочий стол\FModel Output\ron_fontmod\pakchunk900-Mods_CyrillicFont.pak.
[2024.01.08-02.54.47:276][  0]LogPakFile: Display: CompressionFormats in priority order: Zlib
[2024.01.08-02.54.47:281][  0]LogDerivedDataCache: Unable to find inner node Boot for hierarchical cache Hierarchy.
[2024.01.08-02.54.47:281][  0]LogDerivedDataCache: FDerivedDataBackendGraph:  Pak pak cache file ../../../Engine/Programs/UnrealPak/DerivedDataCache/DDC.ddp not found, will not use a pak cache.
[2024.01.08-02.54.47:281][  0]LogDerivedDataCache: Unable to find inner node Pak for hierarchical cache Hierarchy.
[2024.01.08-02.54.47:281][  0]LogDerivedDataCache: FDerivedDataBackendGraph:  EnginePak pak cache file ../../../Engine/DerivedDataCache/DDC.ddp not found, will not use a pak cache.
[2024.01.08-02.54.47:281][  0]LogDerivedDataCache: Unable to find inner node EnginePak for hierarchical cache Hierarchy.
[2024.01.08-02.54.47:281][  0]LogDerivedDataCache: Skipping speed test to ../../../Engine/DerivedDataCache. Assuming local performance
[2024.01.08-02.54.47:281][  0]LogDerivedDataCache: Display: Performance to ../../../Engine/DerivedDataCache: Latency=0.00ms. RandomReadSpeed=999.00MBs, RandomWriteSpeed=999.00MBs. Assigned SpeedClass 'Local'
[2024.01.08-02.54.47:283][  0]LogDerivedDataCache: Using Local data cache path ../../../Engine/DerivedDataCache: Writable
[2024.01.08-02.54.47:283][  0]LogDerivedDataCache: Shared data cache path not found in *engine.ini, will not use an Shared cache.
[2024.01.08-02.54.47:283][  0]LogDerivedDataCache: Unable to find inner node Shared for hierarchical cache Hierarchy.
[2024.01.08-02.54.47:284][  0]LogPakFile: Added file "Content/Blueprints/Widgets/Fonts/TrialFonts_NEEDS_LICENSING_/Sarpanch/Sarpanch-Bold.ufont", 177640 bytes (order 268435456).
[2024.01.08-02.54.47:284][  0]LogPakFile: Added file "Content/ReadyOrNot/Assets/Font/VCR_OSD_MONO_1_001.ufont", 35176 bytes (order 268435456).
[2024.01.08-02.54.47:285][  0]LogPakFile: Added file "Plugins/Modio/Content/UI/Fonts/EuclidCircularB-Bold.ttf", 115104 bytes (order 268435456).
[2024.01.08-02.54.47:286][  0]LogPakFile: Added file "Plugins/Modio/Content/UI/Fonts/EuclidCircularB-Regular.ttf", 115168 bytes (order 268435456).
[2024.01.08-02.54.47:287][  0]LogPakFile: Added file "Plugins/Modio/Content/UI/Fonts/EuclidCircularB-RegularItalic.ttf", 119480 bytes (order 268435456).
[2024.01.08-02.54.47:287][  0]LogPakFile: Added file "Plugins/Modio/Content/UI/Fonts/EuclidCircularB-Semibold.ttf", 117828 bytes (order 268435456).
[2024.01.08-02.54.47:287][  0]LogPakFile: Display: CompressionFormat 0 [Zlib] : 0 files, 0 -> 0 bytes
[2024.01.08-02.54.47:287][  0]LogPakFile: Display: CompressionFormat 1 [None] : 6 files, 680396 -> 680396 bytes
[2024.01.08-02.54.47:288][  0]LogPakFile: Display: Added 6 files, 681944 bytes total, time 0.01s.
[2024.01.08-02.54.47:289][  0]LogPakFile: Display: PrimaryIndex size: 186 bytes
[2024.01.08-02.54.47:289][  0]LogPakFile: Display: PathHashIndex size: 80 bytes
[2024.01.08-02.54.47:289][  0]LogPakFile: Display: FullDirectoryIndex size: 743 bytes
[2024.01.08-02.54.47:290][  0]LogPakFile: Display: Encryption - DISABLED
[2024.01.08-02.54.47:290][  0]LogPakFile: Display: Unreal pak executed in 0.020803 seconds
[2024.01.08-02.54.47:293][  0]LogCore: Engine exit requested (reason: UnrealPak Exiting)
[2024.01.08-02.54.47:293][  0]LogExit: Preparing to exit.
[2024.01.08-02.54.47:295][  0]LogModuleManager: Shutting down and abandoning module DerivedDataCache (6)
[2024.01.08-02.54.47:783][  0]LogModuleManager: Shutting down and abandoning module PakFile (4)
[2024.01.08-02.54.47:783][  0]LogModuleManager: Shutting down and abandoning module RSA (3)
[2024.01.08-02.54.47:783][  0]LogExit: Exiting.
[2024.01.08-02.54.47:791][  0]Log file closed, 01/08/24 12:54:47
